2024-07-16 04:36:47.018 [info] Added views:workbench.panel.markers.view in workbench.panel.markers
2024-07-16 04:36:47.018 [info] Added views:workbench.panel.output in workbench.panel.output
2024-07-16 04:36:47.018 [info] Added views:terminal in terminal
2024-07-16 04:36:47.018 [info] Added views:outline in workbench.view.explorer
2024-07-16 04:36:47.018 [info] Added views:workbench.scm in workbench.view.scm
2024-07-16 04:36:47.018 [info] Added views:workbench.view.search in workbench.view.search
2024-07-16 04:36:47.018 [info] Added views:timeline in workbench.view.explorer
2024-07-16 04:36:47.018 [info] Added views:workbench.explorer.emptyView in workbench.view.explorer
2024-07-16 04:36:47.440 [info] Added views:workbench.debug.variablesView,workbench.debug.watchExpressionsView,workbench.debug.callStackView,workbench.debug.breakPointsView in workbench.view.debug
2024-07-16 04:36:48.587 [info] Added views:projectsExplorerFavorites,projectManagerHelpAndFeedback in workbench.view.extension.project-manager
2024-07-16 04:36:48.589 [info] Added views:gitlens.views.home,gitlens.views.workspaces,gitlens.views.account in workbench.view.extension.gitlens
2024-07-16 04:36:48.593 [info] Added views:gitlens.views.commitDetails,gitlens.views.lineHistory,gitlens.views.fileHistory,gitlens.views.searchAndCompare in workbench.view.extension.gitlensInspect
2024-07-16 04:36:48.594 [info] Added views:gitlens.views.commits,gitlens.views.branches,gitlens.views.remotes,gitlens.views.stashes,gitlens.views.tags,gitlens.views.contributors in workbench.view.scm
2024-07-16 04:36:48.921 [info] Added views:workbench.panel.repl.view in workbench.panel.repl
2024-07-16 04:36:48.926 [info] Removed views:workbench.debug.breakPointsView,workbench.debug.callStackView,workbench.debug.watchExpressionsView,workbench.debug.variablesView from workbench.view.debug
2024-07-16 04:36:48.929 [info] Added views:workbench.debug.welcome in workbench.view.debug
2024-07-16 04:36:49.831 [info] Added views:~remote.forwardedPorts in ~remote.forwardedPortsContainer
2024-07-16 04:36:51.204 [info] Added views:projectsExplorerGit in workbench.view.extension.project-manager
2024-07-16 04:36:51.251 [info] Removed views:gitlens.views.workspaces from workbench.view.extension.gitlens
2024-07-16 04:36:51.273 [info] Removed views:gitlens.views.searchAndCompare,gitlens.views.fileHistory,gitlens.views.lineHistory,gitlens.views.commitDetails from workbench.view.extension.gitlensInspect
2024-07-16 04:36:51.277 [info] Removed views:gitlens.views.contributors,gitlens.views.tags,gitlens.views.stashes,gitlens.views.remotes,gitlens.views.branches,gitlens.views.commits from workbench.view.scm
2024-07-16 04:37:14.091 [info] Added views:workbench.panel.markers.view in workbench.panel.markers
2024-07-16 04:37:14.091 [info] Added views:workbench.panel.output in workbench.panel.output
2024-07-16 04:37:14.091 [info] Added views:terminal in terminal
2024-07-16 04:37:14.091 [info] Added views:outline in workbench.view.explorer
2024-07-16 04:37:14.091 [info] Added views:workbench.scm in workbench.view.scm
2024-07-16 04:37:14.091 [info] Added views:workbench.view.search in workbench.view.search
2024-07-16 04:37:14.091 [info] Added views:timeline in workbench.view.explorer
2024-07-16 04:37:14.091 [info] Added views:workbench.explorer.fileView in workbench.view.explorer
2024-07-16 04:37:14.582 [info] Added views:projectsExplorerFavorites,projectManagerHelpAndFeedback in workbench.view.extension.project-manager
2024-07-16 04:37:14.583 [info] Added views:gitlens.views.home,gitlens.views.workspaces,gitlens.views.account in workbench.view.extension.gitlens
2024-07-16 04:37:14.585 [info] Added views:gitlens.views.commitDetails,gitlens.views.lineHistory,gitlens.views.fileHistory,gitlens.views.searchAndCompare in workbench.view.extension.gitlensInspect
2024-07-16 04:37:14.585 [info] Added views:gitlens.views.commits,gitlens.views.branches,gitlens.views.remotes,gitlens.views.stashes,gitlens.views.tags,gitlens.views.contributors in workbench.view.scm
2024-07-16 04:37:14.875 [info] Added views:workbench.debug.variablesView,workbench.debug.watchExpressionsView,workbench.debug.callStackView,workbench.debug.breakPointsView in workbench.view.debug
2024-07-16 04:37:14.980 [info] Added views:workbench.panel.repl.view in workbench.panel.repl
2024-07-16 04:37:14.988 [info] Removed views:workbench.debug.breakPointsView,workbench.debug.callStackView,workbench.debug.watchExpressionsView,workbench.debug.variablesView from workbench.view.debug
2024-07-16 04:37:14.991 [info] Added views:workbench.debug.welcome in workbench.view.debug
2024-07-16 04:37:15.236 [info] Added views:~remote.forwardedPorts in ~remote.forwardedPortsContainer
2024-07-16 04:37:15.662 [info] Added views:projectsExplorerGit in workbench.view.extension.project-manager
2024-07-16 04:37:15.708 [info] Removed views:gitlens.views.workspaces from workbench.view.extension.gitlens
2024-07-16 04:37:15.715 [info] Removed views:gitlens.views.searchAndCompare,gitlens.views.fileHistory,gitlens.views.lineHistory,gitlens.views.commitDetails from workbench.view.extension.gitlensInspect
2024-07-16 04:37:15.717 [info] Removed views:gitlens.views.contributors,gitlens.views.tags,gitlens.views.stashes,gitlens.views.remotes,gitlens.views.branches,gitlens.views.commits from workbench.view.scm
2024-07-16 04:37:33.812 [info] Added views:gitlens.views.drafts,gitlens.views.workspaces in workbench.view.extension.gitlens
2024-07-16 04:37:33.875 [info] Added views:gitlens.views.graph,gitlens.views.graphDetails in workbench.view.extension.gitlensPanel
2024-07-16 04:37:33.879 [info] Added views:gitlens.views.commitDetails,gitlens.views.lineHistory,gitlens.views.fileHistory,gitlens.views.timeline,gitlens.views.searchAndCompare in workbench.view.extension.gitlensInspect
2024-07-16 04:37:33.882 [info] Added views:gitlens.views.commits,gitlens.views.branches,gitlens.views.remotes,gitlens.views.stashes,gitlens.views.tags,gitlens.views.worktrees,gitlens.views.contributors in workbench.view.scm
2024-07-16 04:37:34.147 [info] Added views:thunder-client-sidebar in workbench.view.extension.thunder-client
