2024-07-30 04:34:53.945 [info] Log level: Info
2024-07-30 04:34:53.945 [info] Validating found git in: "git"
2024-07-30 04:34:53.945 [info] Using git "2.34.1" from "git"
2024-07-30 04:34:53.945 [info] > git rev-parse --show-toplevel [13ms]
2024-07-30 04:34:53.945 [info] > git rev-parse --git-dir --git-common-dir [6ms]
2024-07-30 04:34:53.945 [info] Open repository: /root/ngebatch2-soniarepo/ngebatch2_soniadsilva
2024-07-30 04:34:54.015 [info] > git config --get commit.template [43ms]
2024-07-30 04:34:54.018 [info] > git rev-parse --show-toplevel [21ms]
2024-07-30 04:34:54.110 [info] > git for-each-ref --format=%(refname)%00%(upstream:short)%00%(objectname)%00%(upstream:track)%00%(upstream:remotename)%00%(upstream:remoteref) refs/heads/main refs/remotes/main [47ms]
2024-07-30 04:34:54.162 [info] > git rev-parse --show-toplevel [54ms]
2024-07-30 04:34:54.188 [info] > git rev-parse --show-toplevel [3ms]
2024-07-30 04:34:54.250 [info] > git rev-parse --show-toplevel [6ms]
2024-07-30 04:34:54.289 [info] > git rev-parse --show-toplevel [3ms]
2024-07-30 04:34:54.335 [info] > git rev-parse --show-toplevel [4ms]
2024-07-30 04:34:54.363 [info] > git rev-parse --show-toplevel [2ms]
2024-07-30 04:34:54.392 [info] > git rev-parse --show-toplevel [4ms]
2024-07-30 04:34:54.590 [info] > git check-ignore -v -z --stdin [66ms]
2024-07-30 04:34:54.772 [info] > git status -z -uall [612ms]
2024-07-30 04:34:54.883 [info] > git config --get commit.template [16ms]
2024-07-30 04:34:55.136 [info] > git for-each-ref --format=%(refname)%00%(upstream:short)%00%(objectname)%00%(upstream:track)%00%(upstream:remotename)%00%(upstream:remoteref) refs/heads/main refs/remotes/main [228ms]
2024-07-30 04:34:55.721 [info] > git status -z -uall [549ms]
2024-07-30 04:34:56.870 [info] > git config --get commit.template [32ms]
2024-07-30 04:34:56.893 [info] > git for-each-ref --format=%(refname)%00%(upstream:short)%00%(objectname)%00%(upstream:track)%00%(upstream:remotename)%00%(upstream:remoteref) refs/heads/main refs/remotes/main [26ms]
2024-07-30 04:34:57.441 [info] > git status -z -uall [522ms]
2024-07-30 04:35:02.514 [info] > git config --get commit.template [6ms]
2024-07-30 04:35:02.554 [info] > git for-each-ref --format=%(refname)%00%(upstream:short)%00%(objectname)%00%(upstream:track)%00%(upstream:remotename)%00%(upstream:remoteref) refs/heads/main refs/remotes/main [4ms]
2024-07-30 04:35:03.127 [info] > git status -z -uall [544ms]
2024-07-30 04:36:39.161 [info] > git config --get commit.template [5ms]
2024-07-30 04:36:39.193 [info] > git for-each-ref --format=%(refname)%00%(upstream:short)%00%(objectname)%00%(upstream:track)%00%(upstream:remotename)%00%(upstream:remoteref) refs/heads/main refs/remotes/main [5ms]
2024-07-30 04:36:39.929 [info] > git status -z -uall [696ms]
2024-07-30 04:36:45.038 [info] > git config --get commit.template [34ms]
2024-07-30 04:36:45.044 [info] > git for-each-ref --format=%(refname)%00%(upstream:short)%00%(objectname)%00%(upstream:track)%00%(upstream:remotename)%00%(upstream:remoteref) refs/heads/main refs/remotes/main [11ms]
2024-07-30 04:36:45.543 [info] > git status -z -uall [477ms]
2024-07-30 04:36:50.634 [info] > git config --get commit.template [35ms]
2024-07-30 04:36:50.635 [info] > git for-each-ref --format=%(refname)%00%(upstream:short)%00%(objectname)%00%(upstream:track)%00%(upstream:remotename)%00%(upstream:remoteref) refs/heads/main refs/remotes/main [6ms]
2024-07-30 04:36:51.242 [info] > git status -z -uall [581ms]
2024-07-30 04:37:32.650 [info] > git config --get commit.template [4ms]
2024-07-30 04:37:32.679 [info] > git for-each-ref --format=%(refname)%00%(upstream:short)%00%(objectname)%00%(upstream:track)%00%(upstream:remotename)%00%(upstream:remoteref) refs/heads/main refs/remotes/main [6ms]
2024-07-30 04:37:33.278 [info] > git status -z -uall [560ms]
2024-07-30 04:37:38.369 [info] > git config --get commit.template [31ms]
2024-07-30 04:37:38.374 [info] > git for-each-ref --format=%(refname)%00%(upstream:short)%00%(objectname)%00%(upstream:track)%00%(upstream:remotename)%00%(upstream:remoteref) refs/heads/main refs/remotes/main [7ms]
2024-07-30 04:37:38.987 [info] > git status -z -uall [590ms]
2024-07-30 04:37:44.063 [info] > git config --get commit.template [3ms]
2024-07-30 04:37:44.088 [info] > git for-each-ref --format=%(refname)%00%(upstream:short)%00%(objectname)%00%(upstream:track)%00%(upstream:remotename)%00%(upstream:remoteref) refs/heads/main refs/remotes/main [7ms]
2024-07-30 04:37:44.650 [info] > git status -z -uall [541ms]
